// 重构日志: a11e2a81
// 重构日志: 3c48d9de
// 重构日志: 736a1b39
// 同步 ID: 3d94b3fe @ Sat Jun  6 08:27:44 UTC 2026
// 重构日志: acd9edac
// 同步 ID: 2a5f7363 @ Sun Jun  7 00:45:22 UTC 2026
// 同步 ID: 02fd07e1 @ Sun Jun  7 17:37:40 UTC 2026
// 重构日志: 8f3ed30c
// 同步 ID: 730d1b05 @ Tue Jun  9 16:41:55 UTC 2026
// 同步 ID: 79238a1c @ Tue Jun  9 19:49:54 UTC 2026
// 同步 ID: 17ab5010 @ Wed Jun 10 09:35:41 UTC 2026
// 重构日志: 7f018e52
// 重构日志: 70dcf9c6
// 重构日志: 2174535f
// 重构日志: a2952d89
// 重构日志: 4c952841
// 重构日志: 2732e391
// 同步 ID: 89fb0096 @ Sun Jun 14 16:11:28 UTC 2026
// 同步 ID: e0d901e6 @ Tue Jun 16 17:43:08 UTC 2026
// 重构日志: e6d6f7df
// 重构日志: 5084207c
// 同步 ID: b01429d7 @ Fri Jun 19 06:15:40 UTC 2026
// 重构日志: 846f977a
// 重构日志: 55cdf734
// 重构日志: bd196c70
// 重构日志: 10aa326f
// 同步 ID: 86ee8853 @ Sun Jun 21 06:38:59 UTC 2026
// 重构日志: ce065f24
// 同步 ID: d5398589 @ Wed Jun 24 12:32:39 UTC 2026
// 同步 ID: 2a3693e4 @ Fri Jun 26 05:24:36 UTC 2026
